<?xml version="1.0" encoding="UTF-8"?>
<!-- Generated by org.testng.reporters.JUnitReportReporter -->
<testsuite hostname="DESKTOP-T4HB8UR" failures="0" tests="1" name="testCases.TC001_AccountRegistationTest" time="2.697" errors="0" timestamp="2025-04-14T19:21:09 IST" skipped="0">
  <testcase classname="testCases.TC001_AccountRegistationTest" name="verify_Account_Registration" time="2.697"/>
  <system-out/>
</testsuite> <!-- testCases.TC001_AccountRegistationTest -->
