<?xml version="1.0" encoding="UTF-8"?>
<!-- Generated by org.testng.reporters.JUnitReportReporter -->
<testsuite hostname="DESKTOP-T4HB8UR" failures="0" tests="1" name="testCases.TC002_LoginTest" time="1.490" errors="0" timestamp="2025-04-14T19:21:09 IST" skipped="0">
  <testcase classname="testCases.TC002_LoginTest" name="verify_login" time="1.490"/>
  <system-out/>
</testsuite> <!-- testCases.TC002_LoginTest -->
